<?xml version="1.0" encoding="UTF-8"?>
<testsuite xmlns:xsi="http://www.w3.org/2001/XMLSchema-instance" xsi:noNamespaceSchemaLocation="https://maven.apache.org/surefire/maven-surefire-plugin/xsd/surefire-test-report-3.0.xsd" version="3.0" name="CreateOrderTest" time="2.488" tests="4" errors="0" skipped="0" failures="0">
  <properties>
[...]
</properties>
  <testcase name="createOrderWithAuthTest" classname="CreateOrderTest" time="0.588"/>
  <testcase name="createOrderWithoutAuthTest" classname="CreateOrderTest" time="0.598"/>
  <testcase name="createOrderWithNotValidIngredientHashTest" classname="CreateOrderTest" time="0.394"/>
  <testcase name="createOrderWithoutIngredientsTest" classname="CreateOrderTest" time="0.391"/>
</testsuite>